<?xml version="1.0" encoding="UTF-8" ?>
<testsuite tests="2" failures="1" name="com.mycompany.tallerno1.Modelo.AplazadoTest" time="0.002" errors="0" skipped="0">
  <properties>
    <property name="java.runtime.name" value="Java(TM) SE Runtime Environment"/>
    <property name="java.vm.version" value="18.0.2+9-61"/>
    <property name="sun.boot.library.path" value="C:\Program Files\Java\jdk-18.0.2\bin"/>
    <property name="maven.multiModuleProjectDirectory" value="C:\Users\estudiantes\Desktop\TallerNo1\TallerNo1"/>
    <property name="java.vm.vendor" value="Oracle Corporation"/>
    <property name="java.vendor.url" value="https://java.oracle.com/"/>
    <property name="guice.disable.misplaced.annotation.check" value="true"/>
    <property name="path.separator" value=";"/>
    <property name="java.vm.name" value="Java HotSpot(TM) 64-Bit Server VM"/>
    <property name="sun.os.patch.level" value=""/>
    <property name="user.script" value=""/>
    <property name="user.country" value="CO"/>
    <property name="sun.java.launcher" value="SUN_STANDARD"/>
    <property name="test" value="com.mycompany.tallerno1.Modelo.AplazadoTest"/>
    <property name="java.vm.specification.name" value="Java Virtual Machine Specification"/>
    <property name="user.dir" value="C:\Users\estudiantes\Desktop\TallerNo1\TallerNo1"/>
    <property name="java.vm.compressedOopsMode" value="Zero based"/>
    <property name="java.runtime.version" value="18.0.2+9-61"/>
    <property name="os.arch" value="amd64"/>
    <property name="java.io.tmpdir" value="C:\Users\ESTUDI~1\AppData\Local\Temp\"/>
    <property name="line.separator" value="
"/>
    <property name="java.vm.specification.vendor" value="Oracle Corporation"/>
    <property name="user.variant" value=""/>
    <property name="os.name" value="Windows 10"/>
    <property name="maven.ext.class.path" value="C:\Program Files\NetBeans-14\netbeans\java\maven-nblib\netbeans-eventspy.jar"/>
    <property name="classworlds.conf" value="C:\Program Files\NetBeans-14\netbeans\java\maven\bin\m2.conf"/>
    <property name="sun.jnu.encoding" value="Cp1252"/>
    <property name="java.library.path" value="C:\Program Files\Java\jdk-18.0.2\bin;C:\WINDOWS\Sun\Java\bin;C:\WINDOWS\system32;C:\WINDOWS;C:\Users\estudiantes\Desktop\Oracle19c\bin;F:\Instaladores\Oracle19c\bin;C:\Program Files (x86)\NVIDIA Corporation\PhysX\Common;C:\Program Files\Eclipse Foundation\jdk-8.0.302.8-hotspot\bin;C:\Python312\Scripts\;C:\Python312\;C:\Program Files\Common Files\Oracle\Java\javapath;C:\Program Files (x86)\Common Files\Oracle\Java\javapath;C:\WINDOWS\system32;C:\WINDOWS;C:\WINDOWS\System32\Wbem;C:\WINDOWS\System32\WindowsPowerShell\v1.0\;C:\WINDOWS\System32\OpenSSH\;C:\Program Files\MATLAB\R2024a\runtime\win64;C:\Program Files\MATLAB\R2024a\bin;C:\Program Files (x86)\Windows Kits\8.1\Windows Performance Toolkit\;C:\Program Files\nodejs\;C:\ProgramData\chocolatey\bin;C:\Program Files\Microsoft SQL Server\130\Tools\Binn\;C:\Program Files\Microsoft SQL Server\Client SDK\ODBC\170\Tools\Binn\;C:\Program Files\Microsoft SQL Server\150\Tools\Binn\;C:\Program Files\dotnet\;C:\Program Files\Go\bin;C:\Program Files\PuTTY\;C:\Users\estudiantes\AppData\Local\Programs\Eclipse Adoptium\jdk-21.0.4.7-hotspot\bin;C:\Program Files\MySQL\MySQL Shell 8.0\bin\;C:\Users\estudiantes\AppData\Local\Microsoft\WindowsApps;C:\Users\estudiantes\AppData\Local\snap\bin;C:\Users\estudiantes\AppData\Roaming\npm;C:\Users\estudiantes\go\bin;C:\Users\estudiantes\AppData\Local\Programs\Microsoft VS Code\bin;C:\Users\estudiantes\AppData\Local\Programs\Git\cmd;."/>
    <property name="maven.conf" value="C:\Program Files\NetBeans-14\netbeans\java\maven/conf"/>
    <property name="jdk.debug" value="release"/>
    <property name="java.class.version" value="62.0"/>
    <property name="java.specification.name" value="Java Platform API Specification"/>
    <property name="sun.management.compiler" value="HotSpot 64-Bit Tiered Compilers"/>
    <property name="os.version" value="10.0"/>
    <property name="library.jansi.path" value="C:\Program Files\NetBeans-14\netbeans\java\maven\lib\jansi-native"/>
    <property name="user.home" value="C:\Users\estudiantes"/>
    <property name="user.timezone" value="America/Bogota"/>
    <property name="file.encoding" value="UTF-8"/>
    <property name="java.specification.version" value="18"/>
    <property name="user.name" value="estudiantes"/>
    <property name="java.class.path" value="C:\Program Files\NetBeans-14\netbeans\java\maven\boot\plexus-classworlds-2.6.0.jar"/>
    <property name="java.vm.specification.version" value="18"/>
    <property name="sun.arch.data.model" value="64"/>
    <property name="sun.java.command" value="org.codehaus.plexus.classworlds.launcher.Launcher -Dtest=com.mycompany.tallerno1.Modelo.AplazadoTest -Dmaven.ext.class.path=C:\Program Files\NetBeans-14\netbeans\java\maven-nblib\netbeans-eventspy.jar surefire:test"/>
    <property name="java.home" value="C:\Program Files\Java\jdk-18.0.2"/>
    <property name="user.language" value="es"/>
    <property name="java.specification.vendor" value="Oracle Corporation"/>
    <property name="java.vm.info" value="mixed mode, sharing"/>
    <property name="java.version" value="18.0.2"/>
    <property name="native.encoding" value="Cp1252"/>
    <property name="java.vendor" value="Oracle Corporation"/>
    <property name="maven.home" value="C:\Program Files\NetBeans-14\netbeans\java\maven"/>
    <property name="file.separator" value="\"/>
    <property name="java.version.date" value="2022-07-19"/>
    <property name="java.vendor.url.bug" value="https://bugreport.java.com/bugreport/"/>
    <property name="sun.io.unicode.encoding" value="UnicodeLittle"/>
    <property name="sun.cpu.endian" value="little"/>
    <property name="sun.cpu.isalist" value="amd64"/>
  </properties>
  <testcase classname="com.mycompany.tallerno1.Modelo.AplazadoTest" name="com.mycompany.tallerno1.Modelo.AplazadoTest.testSetDateA" time="0.001"/>
  <testcase classname="com.mycompany.tallerno1.Modelo.AplazadoTest" name="com.mycompany.tallerno1.Modelo.AplazadoTest.testGetDateA" time="0.001">
    <failure message="Cannot invoke &quot;com.mycompany.tallerno1.Modelo.Aplazado.getDateA()&quot; because &quot;instance&quot; is null" type="java.lang.NullPointerException">java.lang.NullPointerException: Cannot invoke &quot;com.mycompany.tallerno1.Modelo.Aplazado.getDateA()&quot; because &quot;instance&quot; is null
	at com.mycompany.tallerno1.Modelo.AplazadoTest.testGetDateA(AplazadoTest.java:47)
</failure>
    <system-out>getDateA
</system-out>
  </testcase>
</testsuite>